[08-Feb-2024 07:08:17 UTC] PHP Fatal error:  Uncaught Symfony\Component\Routing\Exception\RouteNotFoundException: Route [home] not defined. in /home/ashpxkrk/mebany.com/test/install/vendor/laravel/framework/src/Illuminate/Routing/UrlGenerator.php:467
Stack trace:
#0 /home/ashpxkrk/mebany.com/test/install/vendor/laravel/framework/src/Illuminate/Foundation/helpers.php(826): Illuminate\Routing\UrlGenerator->route()
#1 /home/ashpxkrk/mebany.com/test/install/storage/framework/views/05b888bb830e8bc02e5d0fc07848952ec48a669b.php(40): route()
#2 /home/ashpxkrk/mebany.com/test/install/vendor/laravel/framework/src/Illuminate/Filesystem/Filesystem.php(109): require('/home/ashpxkrk/...')
#3 /home/ashpxkrk/mebany.com/test/install/vendor/laravel/framework/src/Illuminate/Filesystem/Filesystem.php(110): Illuminate\Filesystem\Filesystem::Illuminate\Filesystem\{closure}()
#4 /home/ashpxkrk/mebany.com/test/install/vendor/laravel/framework/src/Illuminate/View/Engines/PhpEngine.php(58): Illuminate\Filesystem\Filesystem->getRequire()
#5 /home/ashpxkrk/mebany.com/test/install/vendor/laravel/framework/src/Illuminate/View/Engines/CompilerEngine.php(70): Illuminate\View\Engines\PhpEngine->evaluatePath()
#6 /home/ashpxkrk/mebany.com/test/install/vendor/laravel/framework/src/Illuminate/View/View.php(195): Illuminate\View\Engines\CompilerEngine->get()
#7 /home/ashpxkrk/mebany.com/test/install/vendor/laravel/framework/src/Illuminate/View/View.php(178): Illuminate\View\View->getContents()
#8 /home/ashpxkrk/mebany.com/test/install/vendor/laravel/framework/src/Illuminate/View/View.php(147): Illuminate\View\View->renderContents()
#9 /home/ashpxkrk/mebany.com/test/install/storage/framework/views/3d35e63935f6a2a6c74834a1c3b578505381650c.php(17): Illuminate\View\View->render()
#10 /home/ashpxkrk/mebany.com/test/install/vendor/laravel/framework/src/Illuminate/Filesystem/Filesystem.php(109): require('/home/ashpxkrk/...')
#11 /home/ashpxkrk/mebany.com/test/install/vendor/laravel/framework/src/Illuminate/Filesystem/Filesystem.php(110): Illuminate\Filesystem\Filesystem::Illuminate\Filesystem\{closure}()
#12 /home/ashpxkrk/mebany.com/test/install/vendor/laravel/framework/src/Illuminate/View/Engines/PhpEngine.php(58): Illuminate\Filesystem\Filesystem->getRequire()
#13 /home/ashpxkrk/mebany.com/test/install/vendor/laravel/framework/src/Illuminate/View/Engines/CompilerEngine.php(70): Illuminate\View\Engines\PhpEngine->evaluatePath()
#14 /home/ashpxkrk/mebany.com/test/install/vendor/laravel/framework/src/Illuminate/View/View.php(195): Illuminate\View\Engines\CompilerEngine->get()
#15 /home/ashpxkrk/mebany.com/test/install/vendor/laravel/framework/src/Illuminate/View/View.php(178): Illuminate\View\View->getContents()
#16 /home/ashpxkrk/mebany.com/test/install/vendor/laravel/framework/src/Illuminate/View/View.php(147): Illuminate\View\View->renderContents()
#17 /home/ashpxkrk/mebany.com/test/install/vendor/laravel/framework/src/Illuminate/Http/Response.php(69): Illuminate\View\View->render()
#18 /home/ashpxkrk/mebany.com/test/install/vendor/laravel/framework/src/Illuminate/Http/Response.php(35): Illuminate\Http\Response->setContent()
#19 /home/ashpxkrk/mebany.com/test/install/vendor/laravel/framework/src/Illuminate/Routing/ResponseFactory.php(57): Illuminate\Http\Response->__construct()
#20 /home/ashpxkrk/mebany.com/test/install/vendor/laravel/framework/src/Illuminate/Routing/ResponseFactory.php(87): Illuminate\Routing\ResponseFactory->make()
#21 /home/ashpxkrk/mebany.com/test/install/vendor/laravel/framework/src/Illuminate/Foundation/Exceptions/Handler.php(629): Illuminate\Routing\ResponseFactory->view()
#22 /home/ashpxkrk/mebany.com/test/install/vendor/laravel/framework/src/Illuminate/Foundation/Exceptions/Handler.php(554): Illuminate\Foundation\Exceptions\Handler->renderHttpException()
#23 /home/ashpxkrk/mebany.com/test/install/vendor/laravel/framework/src/Illuminate/Foundation/Exceptions/Handler.php(460): Illuminate\Foundation\Exceptions\Handler->prepareResponse()
#24 /home/ashpxkrk/mebany.com/test/install/vendor/laravel/framework/src/Illuminate/Foundation/Exceptions/Handler.php(377): Illuminate\Foundation\Exceptions\Handler->renderExceptionResponse()
#25 /home/ashpxkrk/mebany.com/test/install/app/Exceptions/Handler.php(55): Illuminate\Foundation\Exceptions\Handler->render()
#26 /home/ashpxkrk/mebany.com/test/install/vendor/laravel/framework/src/Illuminate/Foundation/Bootstrap/HandleExceptions.php(233): App\Exceptions\Handler->render()
#27 /home/ashpxkrk/mebany.com/test/install/vendor/laravel/framework/src/Illuminate/Foundation/Bootstrap/HandleExceptions.php(210): Illuminate\Foundation\Bootstrap\HandleExceptions->renderHttpResponse()
#28 /home/ashpxkrk/mebany.com/test/install/vendor/laravel/framework/src/Illuminate/Foundation/Bootstrap/HandleExceptions.php(270): Illuminate\Foundation\Bootstrap\HandleExceptions->handleException()
#29 [internal function]: Illuminate\Foundation\Bootstrap\HandleExceptions->Illuminate\Foundation\Bootstrap\{closure}()
#30 {main}

Next Illuminate\View\ViewException: Route [home] not defined. (View: /home/ashpxkrk/mebany.com/test/install/resources/views/frontend/layouts/app.blade.php) in /home/ashpxkrk/mebany.com/test/install/vendor/laravel/framework/src/Illuminate/Routing/UrlGenerator.php:467
Stack trace:
#0 /home/ashpxkrk/mebany.com/test/install/vendor/laravel/framework/src/Illuminate/View/Engines/PhpEngine.php(60): Illuminate\View\Engines\CompilerEngine->handleViewException()
#1 /home/ashpxkrk/mebany.com/test/install/vendor/laravel/framework/src/Illuminate/View/Engines/CompilerEngine.php(70): Illuminate\View\Engines\PhpEngine->evaluatePath()
#2 /home/ashpxkrk/mebany.com/test/install/vendor/laravel/framework/src/Illuminate/View/View.php(195): Illuminate\View\Engines\CompilerEngine->get()
#3 /home/ashpxkrk/mebany.com/test/install/vendor/laravel/framework/src/Illuminate/View/View.php(178): Illuminate\View\View->getContents()
#4 /home/ashpxkrk/mebany.com/test/install/vendor/laravel/framework/src/Illuminate/View/View.php(147): Illuminate\View\View->renderContents()
#5 /home/ashpxkrk/mebany.com/test/install/storage/framework/views/3d35e63935f6a2a6c74834a1c3b578505381650c.php(17): Illuminate\View\View->render()
#6 /home/ashpxkrk/mebany.com/test/install/vendor/laravel/framework/src/Illuminate/Filesystem/Filesystem.php(109): require('/home/ashpxkrk/...')
#7 /home/ashpxkrk/mebany.com/test/install/vendor/laravel/framework/src/Illuminate/Filesystem/Filesystem.php(110): Illuminate\Filesystem\Filesystem::Illuminate\Filesystem\{closure}()
#8 /home/ashpxkrk/mebany.com/test/install/vendor/laravel/framework/src/Illuminate/View/Engines/PhpEngine.php(58): Illuminate\Filesystem\Filesystem->getRequire()
#9 /home/ashpxkrk/mebany.com/test/install/vendor/laravel/framework/src/Illuminate/View/Engines/CompilerEngine.php(70): Illuminate\View\Engines\PhpEngine->evaluatePath()
#10 /home/ashpxkrk/mebany.com/test/install/vendor/laravel/framework/src/Illuminate/View/View.php(195): Illuminate\View\Engines\CompilerEngine->get()
#11 /home/ashpxkrk/mebany.com/test/install/vendor/laravel/framework/src/Illuminate/View/View.php(178): Illuminate\View\View->getContents()
#12 /home/ashpxkrk/mebany.com/test/install/vendor/laravel/framework/src/Illuminate/View/View.php(147): Illuminate\View\View->renderContents()
#13 /home/ashpxkrk/mebany.com/test/install/vendor/laravel/framework/src/Illuminate/Http/Response.php(69): Illuminate\View\View->render()
#14 /home/ashpxkrk/mebany.com/test/install/vendor/laravel/framework/src/Illuminate/Http/Response.php(35): Illuminate\Http\Response->setContent()
#15 /home/ashpxkrk/mebany.com/test/install/vendor/laravel/framework/src/Illuminate/Routing/ResponseFactory.php(57): Illuminate\Http\Response->__construct()
#16 /home/ashpxkrk/mebany.com/test/install/vendor/laravel/framework/src/Illuminate/Routing/ResponseFactory.php(87): Illuminate\Routing\ResponseFactory->make()
#17 /home/ashpxkrk/mebany.com/test/install/vendor/laravel/framework/src/Illuminate/Foundation/Exceptions/Handler.php(629): Illuminate\Routing\ResponseFactory->view()
#18 /home/ashpxkrk/mebany.com/test/install/vendor/laravel/framework/src/Illuminate/Foundation/Exceptions/Handler.php(554): Illuminate\Foundation\Exceptions\Handler->renderHttpException()
#19 /home/ashpxkrk/mebany.com/test/install/vendor/laravel/framework/src/Illuminate/Foundation/Exceptions/Handler.php(460): Illuminate\Foundation\Exceptions\Handler->prepareResponse()
#20 /home/ashpxkrk/mebany.com/test/install/vendor/laravel/framework/src/Illuminate/Foundation/Exceptions/Handler.php(377): Illuminate\Foundation\Exceptions\Handler->renderExceptionResponse()
#21 /home/ashpxkrk/mebany.com/test/install/app/Exceptions/Handler.php(55): Illuminate\Foundation\Exceptions\Handler->render()
#22 /home/ashpxkrk/mebany.com/test/install/vendor/laravel/framework/src/Illuminate/Foundation/Bootstrap/HandleExceptions.php(233): App\Exceptions\Handler->render()
#23 /home/ashpxkrk/mebany.com/test/install/vendor/laravel/framework/src/Illuminate/Foundation/Bootstrap/HandleExceptions.php(210): Illuminate\Foundation\Bootstrap\HandleExceptions->renderHttpResponse()
#24 /home/ashpxkrk/mebany.com/test/install/vendor/laravel/framework/src/Illuminate/Foundation/Bootstrap/HandleExceptions.php(270): Illuminate\Foundation\Bootstrap\HandleExceptions->handleException()
#25 [internal function]: Illuminate\Foundation\Bootstrap\HandleExceptions->Illuminate\Foundation\Bootstrap\{closure}()
#26 {main}

Next Illuminate\View\ViewException: Route [home] not defined. (View: /home/ashpxkrk/mebany.com/test/install/resources/views/frontend/layouts/app.blade.php) (View: /home/ashpxkrk/mebany.com/test/install/resources/views/frontend/layouts/app.blade.php) in /home/ashpxkrk/mebany.com/test/install/vendor/laravel/framework/src/Illuminate/Routing/UrlGenerator.php:467
Stack trace:
#0 /home/ashpxkrk/mebany.com/test/install/vendor/laravel/framework/src/Illuminate/View/Engines/PhpEngine.php(60): Illuminate\View\Engines\CompilerEngine->handleViewException()
#1 /home/ashpxkrk/mebany.com/test/install/vendor/laravel/framework/src/Illuminate/View/Engines/CompilerEngine.php(70): Illuminate\View\Engines\PhpEngine->evaluatePath()
#2 /home/ashpxkrk/mebany.com/test/install/vendor/laravel/framework/src/Illuminate/View/View.php(195): Illuminate\View\Engines\CompilerEngine->get()
#3 /home/ashpxkrk/mebany.com/test/install/vendor/laravel/framework/src/Illuminate/View/View.php(178): Illuminate\View\View->getContents()
#4 /home/ashpxkrk/mebany.com/test/install/vendor/laravel/framework/src/Illuminate/View/View.php(147): Illuminate\View\View->renderContents()
#5 /home/ashpxkrk/mebany.com/test/install/vendor/laravel/framework/src/Illuminate/Http/Response.php(69): Illuminate\View\View->render()
#6 /home/ashpxkrk/mebany.com/test/install/vendor/laravel/framework/src/Illuminate/Http/Response.php(35): Illuminate\Http\Response->setContent()
#7 /home/ashpxkrk/mebany.com/test/install/vendor/laravel/framework/src/Illuminate/Routing/ResponseFactory.php(57): Illuminate\Http\Response->__construct()
#8 /home/ashpxkrk/mebany.com/test/install/vendor/laravel/framework/src/Illuminate/Routing/ResponseFactory.php(87): Illuminate\Routing\ResponseFactory->make()
#9 /home/ashpxkrk/mebany.com/test/install/vendor/laravel/framework/src/Illuminate/Foundation/Exceptions/Handler.php(629): Illuminate\Routing\ResponseFactory->view()
#10 /home/ashpxkrk/mebany.com/test/install/vendor/laravel/framework/src/Illuminate/Foundation/Exceptions/Handler.php(554): Illuminate\Foundation\Exceptions\Handler->renderHttpException()
#11 /home/ashpxkrk/mebany.com/test/install/vendor/laravel/framework/src/Illuminate/Foundation/Exceptions/Handler.php(460): Illuminate\Foundation\Exceptions\Handler->prepareResponse()
#12 /home/ashpxkrk/mebany.com/test/install/vendor/laravel/framework/src/Illuminate/Foundation/Exceptions/Handler.php(377): Illuminate\Foundation\Exceptions\Handler->renderExceptionResponse()
#13 /home/ashpxkrk/mebany.com/test/install/app/Exceptions/Handler.php(55): Illuminate\Foundation\Exceptions\Handler->render()
#14 /home/ashpxkrk/mebany.com/test/install/vendor/laravel/framework/src/Illuminate/Foundation/Bootstrap/HandleExceptions.php(233): App\Exceptions\Handler->render()
#15 /home/ashpxkrk/mebany.com/test/install/vendor/laravel/framework/src/Illuminate/Foundation/Bootstrap/HandleExceptions.php(210): Illuminate\Foundation\Bootstrap\HandleExceptions->renderHttpResponse()
#16 /home/ashpxkrk/mebany.com/test/install/vendor/laravel/framework/src/Illuminate/Foundation/Bootstrap/HandleExceptions.php(270): Illuminate\Foundation\Bootstrap\HandleExceptions->handleException()
#17 [internal function]: Illuminate\Foundation\Bootstrap\HandleExceptions->Illuminate\Foundation\Bootstrap\{closure}()
#18 {main}
  thrown in /home/ashpxkrk/mebany.com/test/install/vendor/laravel/framework/src/Illuminate/Routing/UrlGenerator.php on line 467
[08-Feb-2024 07:08:24 UTC] PHP Fatal error:  Uncaught Symfony\Component\Routing\Exception\RouteNotFoundException: Route [home] not defined. in /home/ashpxkrk/mebany.com/test/install/vendor/laravel/framework/src/Illuminate/Routing/UrlGenerator.php:467
Stack trace:
#0 /home/ashpxkrk/mebany.com/test/install/vendor/laravel/framework/src/Illuminate/Foundation/helpers.php(826): Illuminate\Routing\UrlGenerator->route()
#1 /home/ashpxkrk/mebany.com/test/install/storage/framework/views/05b888bb830e8bc02e5d0fc07848952ec48a669b.php(40): route()
#2 /home/ashpxkrk/mebany.com/test/install/vendor/laravel/framework/src/Illuminate/Filesystem/Filesystem.php(109): require('/home/ashpxkrk/...')
#3 /home/ashpxkrk/mebany.com/test/install/vendor/laravel/framework/src/Illuminate/Filesystem/Filesystem.php(110): Illuminate\Filesystem\Filesystem::Illuminate\Filesystem\{closure}()
#4 /home/ashpxkrk/mebany.com/test/install/vendor/laravel/framework/src/Illuminate/View/Engines/PhpEngine.php(58): Illuminate\Filesystem\Filesystem->getRequire()
#5 /home/ashpxkrk/mebany.com/test/install/vendor/laravel/framework/src/Illuminate/View/Engines/CompilerEngine.php(70): Illuminate\View\Engines\PhpEngine->evaluatePath()
#6 /home/ashpxkrk/mebany.com/test/install/vendor/laravel/framework/src/Illuminate/View/View.php(195): Illuminate\View\Engines\CompilerEngine->get()
#7 /home/ashpxkrk/mebany.com/test/install/vendor/laravel/framework/src/Illuminate/View/View.php(178): Illuminate\View\View->getContents()
#8 /home/ashpxkrk/mebany.com/test/install/vendor/laravel/framework/src/Illuminate/View/View.php(147): Illuminate\View\View->renderContents()
#9 /home/ashpxkrk/mebany.com/test/install/storage/framework/views/3d35e63935f6a2a6c74834a1c3b578505381650c.php(17): Illuminate\View\View->render()
#10 /home/ashpxkrk/mebany.com/test/install/vendor/laravel/framework/src/Illuminate/Filesystem/Filesystem.php(109): require('/home/ashpxkrk/...')
#11 /home/ashpxkrk/mebany.com/test/install/vendor/laravel/framework/src/Illuminate/Filesystem/Filesystem.php(110): Illuminate\Filesystem\Filesystem::Illuminate\Filesystem\{closure}()
#12 /home/ashpxkrk/mebany.com/test/install/vendor/laravel/framework/src/Illuminate/View/Engines/PhpEngine.php(58): Illuminate\Filesystem\Filesystem->getRequire()
#13 /home/ashpxkrk/mebany.com/test/install/vendor/laravel/framework/src/Illuminate/View/Engines/CompilerEngine.php(70): Illuminate\View\Engines\PhpEngine->evaluatePath()
#14 /home/ashpxkrk/mebany.com/test/install/vendor/laravel/framework/src/Illuminate/View/View.php(195): Illuminate\View\Engines\CompilerEngine->get()
#15 /home/ashpxkrk/mebany.com/test/install/vendor/laravel/framework/src/Illuminate/View/View.php(178): Illuminate\View\View->getContents()
#16 /home/ashpxkrk/mebany.com/test/install/vendor/laravel/framework/src/Illuminate/View/View.php(147): Illuminate\View\View->renderContents()
#17 /home/ashpxkrk/mebany.com/test/install/vendor/laravel/framework/src/Illuminate/Http/Response.php(69): Illuminate\View\View->render()
#18 /home/ashpxkrk/mebany.com/test/install/vendor/laravel/framework/src/Illuminate/Http/Response.php(35): Illuminate\Http\Response->setContent()
#19 /home/ashpxkrk/mebany.com/test/install/vendor/laravel/framework/src/Illuminate/Routing/ResponseFactory.php(57): Illuminate\Http\Response->__construct()
#20 /home/ashpxkrk/mebany.com/test/install/vendor/laravel/framework/src/Illuminate/Routing/ResponseFactory.php(87): Illuminate\Routing\ResponseFactory->make()
#21 /home/ashpxkrk/mebany.com/test/install/vendor/laravel/framework/src/Illuminate/Foundation/Exceptions/Handler.php(629): Illuminate\Routing\ResponseFactory->view()
#22 /home/ashpxkrk/mebany.com/test/install/vendor/laravel/framework/src/Illuminate/Foundation/Exceptions/Handler.php(554): Illuminate\Foundation\Exceptions\Handler->renderHttpException()
#23 /home/ashpxkrk/mebany.com/test/install/vendor/laravel/framework/src/Illuminate/Foundation/Exceptions/Handler.php(460): Illuminate\Foundation\Exceptions\Handler->prepareResponse()
#24 /home/ashpxkrk/mebany.com/test/install/vendor/laravel/framework/src/Illuminate/Foundation/Exceptions/Handler.php(377): Illuminate\Foundation\Exceptions\Handler->renderExceptionResponse()
#25 /home/ashpxkrk/mebany.com/test/install/app/Exceptions/Handler.php(55): Illuminate\Foundation\Exceptions\Handler->render()
#26 /home/ashpxkrk/mebany.com/test/install/vendor/laravel/framework/src/Illuminate/Foundation/Bootstrap/HandleExceptions.php(233): App\Exceptions\Handler->render()
#27 /home/ashpxkrk/mebany.com/test/install/vendor/laravel/framework/src/Illuminate/Foundation/Bootstrap/HandleExceptions.php(210): Illuminate\Foundation\Bootstrap\HandleExceptions->renderHttpResponse()
#28 /home/ashpxkrk/mebany.com/test/install/vendor/laravel/framework/src/Illuminate/Foundation/Bootstrap/HandleExceptions.php(270): Illuminate\Foundation\Bootstrap\HandleExceptions->handleException()
#29 [internal function]: Illuminate\Foundation\Bootstrap\HandleExceptions->Illuminate\Foundation\Bootstrap\{closure}()
#30 {main}

Next Illuminate\View\ViewException: Route [home] not defined. (View: /home/ashpxkrk/mebany.com/test/install/resources/views/frontend/layouts/app.blade.php) in /home/ashpxkrk/mebany.com/test/install/vendor/laravel/framework/src/Illuminate/Routing/UrlGenerator.php:467
Stack trace:
#0 /home/ashpxkrk/mebany.com/test/install/vendor/laravel/framework/src/Illuminate/View/Engines/PhpEngine.php(60): Illuminate\View\Engines\CompilerEngine->handleViewException()
#1 /home/ashpxkrk/mebany.com/test/install/vendor/laravel/framework/src/Illuminate/View/Engines/CompilerEngine.php(70): Illuminate\View\Engines\PhpEngine->evaluatePath()
#2 /home/ashpxkrk/mebany.com/test/install/vendor/laravel/framework/src/Illuminate/View/View.php(195): Illuminate\View\Engines\CompilerEngine->get()
#3 /home/ashpxkrk/mebany.com/test/install/vendor/laravel/framework/src/Illuminate/View/View.php(178): Illuminate\View\View->getContents()
#4 /home/ashpxkrk/mebany.com/test/install/vendor/laravel/framework/src/Illuminate/View/View.php(147): Illuminate\View\View->renderContents()
#5 /home/ashpxkrk/mebany.com/test/install/storage/framework/views/3d35e63935f6a2a6c74834a1c3b578505381650c.php(17): Illuminate\View\View->render()
#6 /home/ashpxkrk/mebany.com/test/install/vendor/laravel/framework/src/Illuminate/Filesystem/Filesystem.php(109): require('/home/ashpxkrk/...')
#7 /home/ashpxkrk/mebany.com/test/install/vendor/laravel/framework/src/Illuminate/Filesystem/Filesystem.php(110): Illuminate\Filesystem\Filesystem::Illuminate\Filesystem\{closure}()
#8 /home/ashpxkrk/mebany.com/test/install/vendor/laravel/framework/src/Illuminate/View/Engines/PhpEngine.php(58): Illuminate\Filesystem\Filesystem->getRequire()
#9 /home/ashpxkrk/mebany.com/test/install/vendor/laravel/framework/src/Illuminate/View/Engines/CompilerEngine.php(70): Illuminate\View\Engines\PhpEngine->evaluatePath()
#10 /home/ashpxkrk/mebany.com/test/install/vendor/laravel/framework/src/Illuminate/View/View.php(195): Illuminate\View\Engines\CompilerEngine->get()
#11 /home/ashpxkrk/mebany.com/test/install/vendor/laravel/framework/src/Illuminate/View/View.php(178): Illuminate\View\View->getContents()
#12 /home/ashpxkrk/mebany.com/test/install/vendor/laravel/framework/src/Illuminate/View/View.php(147): Illuminate\View\View->renderContents()
#13 /home/ashpxkrk/mebany.com/test/install/vendor/laravel/framework/src/Illuminate/Http/Response.php(69): Illuminate\View\View->render()
#14 /home/ashpxkrk/mebany.com/test/install/vendor/laravel/framework/src/Illuminate/Http/Response.php(35): Illuminate\Http\Response->setContent()
#15 /home/ashpxkrk/mebany.com/test/install/vendor/laravel/framework/src/Illuminate/Routing/ResponseFactory.php(57): Illuminate\Http\Response->__construct()
#16 /home/ashpxkrk/mebany.com/test/install/vendor/laravel/framework/src/Illuminate/Routing/ResponseFactory.php(87): Illuminate\Routing\ResponseFactory->make()
#17 /home/ashpxkrk/mebany.com/test/install/vendor/laravel/framework/src/Illuminate/Foundation/Exceptions/Handler.php(629): Illuminate\Routing\ResponseFactory->view()
#18 /home/ashpxkrk/mebany.com/test/install/vendor/laravel/framework/src/Illuminate/Foundation/Exceptions/Handler.php(554): Illuminate\Foundation\Exceptions\Handler->renderHttpException()
#19 /home/ashpxkrk/mebany.com/test/install/vendor/laravel/framework/src/Illuminate/Foundation/Exceptions/Handler.php(460): Illuminate\Foundation\Exceptions\Handler->prepareResponse()
#20 /home/ashpxkrk/mebany.com/test/install/vendor/laravel/framework/src/Illuminate/Foundation/Exceptions/Handler.php(377): Illuminate\Foundation\Exceptions\Handler->renderExceptionResponse()
#21 /home/ashpxkrk/mebany.com/test/install/app/Exceptions/Handler.php(55): Illuminate\Foundation\Exceptions\Handler->render()
#22 /home/ashpxkrk/mebany.com/test/install/vendor/laravel/framework/src/Illuminate/Foundation/Bootstrap/HandleExceptions.php(233): App\Exceptions\Handler->render()
#23 /home/ashpxkrk/mebany.com/test/install/vendor/laravel/framework/src/Illuminate/Foundation/Bootstrap/HandleExceptions.php(210): Illuminate\Foundation\Bootstrap\HandleExceptions->renderHttpResponse()
#24 /home/ashpxkrk/mebany.com/test/install/vendor/laravel/framework/src/Illuminate/Foundation/Bootstrap/HandleExceptions.php(270): Illuminate\Foundation\Bootstrap\HandleExceptions->handleException()
#25 [internal function]: Illuminate\Foundation\Bootstrap\HandleExceptions->Illuminate\Foundation\Bootstrap\{closure}()
#26 {main}

Next Illuminate\View\ViewException: Route [home] not defined. (View: /home/ashpxkrk/mebany.com/test/install/resources/views/frontend/layouts/app.blade.php) (View: /home/ashpxkrk/mebany.com/test/install/resources/views/frontend/layouts/app.blade.php) in /home/ashpxkrk/mebany.com/test/install/vendor/laravel/framework/src/Illuminate/Routing/UrlGenerator.php:467
Stack trace:
#0 /home/ashpxkrk/mebany.com/test/install/vendor/laravel/framework/src/Illuminate/View/Engines/PhpEngine.php(60): Illuminate\View\Engines\CompilerEngine->handleViewException()
#1 /home/ashpxkrk/mebany.com/test/install/vendor/laravel/framework/src/Illuminate/View/Engines/CompilerEngine.php(70): Illuminate\View\Engines\PhpEngine->evaluatePath()
#2 /home/ashpxkrk/mebany.com/test/install/vendor/laravel/framework/src/Illuminate/View/View.php(195): Illuminate\View\Engines\CompilerEngine->get()
#3 /home/ashpxkrk/mebany.com/test/install/vendor/laravel/framework/src/Illuminate/View/View.php(178): Illuminate\View\View->getContents()
#4 /home/ashpxkrk/mebany.com/test/install/vendor/laravel/framework/src/Illuminate/View/View.php(147): Illuminate\View\View->renderContents()
#5 /home/ashpxkrk/mebany.com/test/install/vendor/laravel/framework/src/Illuminate/Http/Response.php(69): Illuminate\View\View->render()
#6 /home/ashpxkrk/mebany.com/test/install/vendor/laravel/framework/src/Illuminate/Http/Response.php(35): Illuminate\Http\Response->setContent()
#7 /home/ashpxkrk/mebany.com/test/install/vendor/laravel/framework/src/Illuminate/Routing/ResponseFactory.php(57): Illuminate\Http\Response->__construct()
#8 /home/ashpxkrk/mebany.com/test/install/vendor/laravel/framework/src/Illuminate/Routing/ResponseFactory.php(87): Illuminate\Routing\ResponseFactory->make()
#9 /home/ashpxkrk/mebany.com/test/install/vendor/laravel/framework/src/Illuminate/Foundation/Exceptions/Handler.php(629): Illuminate\Routing\ResponseFactory->view()
#10 /home/ashpxkrk/mebany.com/test/install/vendor/laravel/framework/src/Illuminate/Foundation/Exceptions/Handler.php(554): Illuminate\Foundation\Exceptions\Handler->renderHttpException()
#11 /home/ashpxkrk/mebany.com/test/install/vendor/laravel/framework/src/Illuminate/Foundation/Exceptions/Handler.php(460): Illuminate\Foundation\Exceptions\Handler->prepareResponse()
#12 /home/ashpxkrk/mebany.com/test/install/vendor/laravel/framework/src/Illuminate/Foundation/Exceptions/Handler.php(377): Illuminate\Foundation\Exceptions\Handler->renderExceptionResponse()
#13 /home/ashpxkrk/mebany.com/test/install/app/Exceptions/Handler.php(55): Illuminate\Foundation\Exceptions\Handler->render()
#14 /home/ashpxkrk/mebany.com/test/install/vendor/laravel/framework/src/Illuminate/Foundation/Bootstrap/HandleExceptions.php(233): App\Exceptions\Handler->render()
#15 /home/ashpxkrk/mebany.com/test/install/vendor/laravel/framework/src/Illuminate/Foundation/Bootstrap/HandleExceptions.php(210): Illuminate\Foundation\Bootstrap\HandleExceptions->renderHttpResponse()
#16 /home/ashpxkrk/mebany.com/test/install/vendor/laravel/framework/src/Illuminate/Foundation/Bootstrap/HandleExceptions.php(270): Illuminate\Foundation\Bootstrap\HandleExceptions->handleException()
#17 [internal function]: Illuminate\Foundation\Bootstrap\HandleExceptions->Illuminate\Foundation\Bootstrap\{closure}()
#18 {main}
  thrown in /home/ashpxkrk/mebany.com/test/install/vendor/laravel/framework/src/Illuminate/Routing/UrlGenerator.php on line 467
[08-Feb-2024 07:08:28 UTC] PHP Fatal error:  Uncaught Symfony\Component\Routing\Exception\RouteNotFoundException: Route [home] not defined. in /home/ashpxkrk/mebany.com/test/install/vendor/laravel/framework/src/Illuminate/Routing/UrlGenerator.php:467
Stack trace:
#0 /home/ashpxkrk/mebany.com/test/install/vendor/laravel/framework/src/Illuminate/Foundation/helpers.php(826): Illuminate\Routing\UrlGenerator->route()
#1 /home/ashpxkrk/mebany.com/test/install/storage/framework/views/05b888bb830e8bc02e5d0fc07848952ec48a669b.php(40): route()
#2 /home/ashpxkrk/mebany.com/test/install/vendor/laravel/framework/src/Illuminate/Filesystem/Filesystem.php(109): require('/home/ashpxkrk/...')
#3 /home/ashpxkrk/mebany.com/test/install/vendor/laravel/framework/src/Illuminate/Filesystem/Filesystem.php(110): Illuminate\Filesystem\Filesystem::Illuminate\Filesystem\{closure}()
#4 /home/ashpxkrk/mebany.com/test/install/vendor/laravel/framework/src/Illuminate/View/Engines/PhpEngine.php(58): Illuminate\Filesystem\Filesystem->getRequire()
#5 /home/ashpxkrk/mebany.com/test/install/vendor/laravel/framework/src/Illuminate/View/Engines/CompilerEngine.php(70): Illuminate\View\Engines\PhpEngine->evaluatePath()
#6 /home/ashpxkrk/mebany.com/test/install/vendor/laravel/framework/src/Illuminate/View/View.php(195): Illuminate\View\Engines\CompilerEngine->get()
#7 /home/ashpxkrk/mebany.com/test/install/vendor/laravel/framework/src/Illuminate/View/View.php(178): Illuminate\View\View->getContents()
#8 /home/ashpxkrk/mebany.com/test/install/vendor/laravel/framework/src/Illuminate/View/View.php(147): Illuminate\View\View->renderContents()
#9 /home/ashpxkrk/mebany.com/test/install/storage/framework/views/3d35e63935f6a2a6c74834a1c3b578505381650c.php(17): Illuminate\View\View->render()
#10 /home/ashpxkrk/mebany.com/test/install/vendor/laravel/framework/src/Illuminate/Filesystem/Filesystem.php(109): require('/home/ashpxkrk/...')
#11 /home/ashpxkrk/mebany.com/test/install/vendor/laravel/framework/src/Illuminate/Filesystem/Filesystem.php(110): Illuminate\Filesystem\Filesystem::Illuminate\Filesystem\{closure}()
#12 /home/ashpxkrk/mebany.com/test/install/vendor/laravel/framework/src/Illuminate/View/Engines/PhpEngine.php(58): Illuminate\Filesystem\Filesystem->getRequire()
#13 /home/ashpxkrk/mebany.com/test/install/vendor/laravel/framework/src/Illuminate/View/Engines/CompilerEngine.php(70): Illuminate\View\Engines\PhpEngine->evaluatePath()
#14 /home/ashpxkrk/mebany.com/test/install/vendor/laravel/framework/src/Illuminate/View/View.php(195): Illuminate\View\Engines\CompilerEngine->get()
#15 /home/ashpxkrk/mebany.com/test/install/vendor/laravel/framework/src/Illuminate/View/View.php(178): Illuminate\View\View->getContents()
#16 /home/ashpxkrk/mebany.com/test/install/vendor/laravel/framework/src/Illuminate/View/View.php(147): Illuminate\View\View->renderContents()
#17 /home/ashpxkrk/mebany.com/test/install/vendor/laravel/framework/src/Illuminate/Http/Response.php(69): Illuminate\View\View->render()
#18 /home/ashpxkrk/mebany.com/test/install/vendor/laravel/framework/src/Illuminate/Http/Response.php(35): Illuminate\Http\Response->setContent()
#19 /home/ashpxkrk/mebany.com/test/install/vendor/laravel/framework/src/Illuminate/Routing/ResponseFactory.php(57): Illuminate\Http\Response->__construct()
#20 /home/ashpxkrk/mebany.com/test/install/vendor/laravel/framework/src/Illuminate/Routing/ResponseFactory.php(87): Illuminate\Routing\ResponseFactory->make()
#21 /home/ashpxkrk/mebany.com/test/install/vendor/laravel/framework/src/Illuminate/Foundation/Exceptions/Handler.php(629): Illuminate\Routing\ResponseFactory->view()
#22 /home/ashpxkrk/mebany.com/test/install/vendor/laravel/framework/src/Illuminate/Foundation/Exceptions/Handler.php(554): Illuminate\Foundation\Exceptions\Handler->renderHttpException()
#23 /home/ashpxkrk/mebany.com/test/install/vendor/laravel/framework/src/Illuminate/Foundation/Exceptions/Handler.php(460): Illuminate\Foundation\Exceptions\Handler->prepareResponse()
#24 /home/ashpxkrk/mebany.com/test/install/vendor/laravel/framework/src/Illuminate/Foundation/Exceptions/Handler.php(377): Illuminate\Foundation\Exceptions\Handler->renderExceptionResponse()
#25 /home/ashpxkrk/mebany.com/test/install/app/Exceptions/Handler.php(55): Illuminate\Foundation\Exceptions\Handler->render()
#26 /home/ashpxkrk/mebany.com/test/install/vendor/laravel/framework/src/Illuminate/Foundation/Bootstrap/HandleExceptions.php(233): App\Exceptions\Handler->render()
#27 /home/ashpxkrk/mebany.com/test/install/vendor/laravel/framework/src/Illuminate/Foundation/Bootstrap/HandleExceptions.php(210): Illuminate\Foundation\Bootstrap\HandleExceptions->renderHttpResponse()
#28 /home/ashpxkrk/mebany.com/test/install/vendor/laravel/framework/src/Illuminate/Foundation/Bootstrap/HandleExceptions.php(270): Illuminate\Foundation\Bootstrap\HandleExceptions->handleException()
#29 [internal function]: Illuminate\Foundation\Bootstrap\HandleExceptions->Illuminate\Foundation\Bootstrap\{closure}()
#30 {main}

Next Illuminate\View\ViewException: Route [home] not defined. (View: /home/ashpxkrk/mebany.com/test/install/resources/views/frontend/layouts/app.blade.php) in /home/ashpxkrk/mebany.com/test/install/vendor/laravel/framework/src/Illuminate/Routing/UrlGenerator.php:467
Stack trace:
#0 /home/ashpxkrk/mebany.com/test/install/vendor/laravel/framework/src/Illuminate/View/Engines/PhpEngine.php(60): Illuminate\View\Engines\CompilerEngine->handleViewException()
#1 /home/ashpxkrk/mebany.com/test/install/vendor/laravel/framework/src/Illuminate/View/Engines/CompilerEngine.php(70): Illuminate\View\Engines\PhpEngine->evaluatePath()
#2 /home/ashpxkrk/mebany.com/test/install/vendor/laravel/framework/src/Illuminate/View/View.php(195): Illuminate\View\Engines\CompilerEngine->get()
#3 /home/ashpxkrk/mebany.com/test/install/vendor/laravel/framework/src/Illuminate/View/View.php(178): Illuminate\View\View->getContents()
#4 /home/ashpxkrk/mebany.com/test/install/vendor/laravel/framework/src/Illuminate/View/View.php(147): Illuminate\View\View->renderContents()
#5 /home/ashpxkrk/mebany.com/test/install/storage/framework/views/3d35e63935f6a2a6c74834a1c3b578505381650c.php(17): Illuminate\View\View->render()
#6 /home/ashpxkrk/mebany.com/test/install/vendor/laravel/framework/src/Illuminate/Filesystem/Filesystem.php(109): require('/home/ashpxkrk/...')
#7 /home/ashpxkrk/mebany.com/test/install/vendor/laravel/framework/src/Illuminate/Filesystem/Filesystem.php(110): Illuminate\Filesystem\Filesystem::Illuminate\Filesystem\{closure}()
#8 /home/ashpxkrk/mebany.com/test/install/vendor/laravel/framework/src/Illuminate/View/Engines/PhpEngine.php(58): Illuminate\Filesystem\Filesystem->getRequire()
#9 /home/ashpxkrk/mebany.com/test/install/vendor/laravel/framework/src/Illuminate/View/Engines/CompilerEngine.php(70): Illuminate\View\Engines\PhpEngine->evaluatePath()
#10 /home/ashpxkrk/mebany.com/test/install/vendor/laravel/framework/src/Illuminate/View/View.php(195): Illuminate\View\Engines\CompilerEngine->get()
#11 /home/ashpxkrk/mebany.com/test/install/vendor/laravel/framework/src/Illuminate/View/View.php(178): Illuminate\View\View->getContents()
#12 /home/ashpxkrk/mebany.com/test/install/vendor/laravel/framework/src/Illuminate/View/View.php(147): Illuminate\View\View->renderContents()
#13 /home/ashpxkrk/mebany.com/test/install/vendor/laravel/framework/src/Illuminate/Http/Response.php(69): Illuminate\View\View->render()
#14 /home/ashpxkrk/mebany.com/test/install/vendor/laravel/framework/src/Illuminate/Http/Response.php(35): Illuminate\Http\Response->setContent()
#15 /home/ashpxkrk/mebany.com/test/install/vendor/laravel/framework/src/Illuminate/Routing/ResponseFactory.php(57): Illuminate\Http\Response->__construct()
#16 /home/ashpxkrk/mebany.com/test/install/vendor/laravel/framework/src/Illuminate/Routing/ResponseFactory.php(87): Illuminate\Routing\ResponseFactory->make()
#17 /home/ashpxkrk/mebany.com/test/install/vendor/laravel/framework/src/Illuminate/Foundation/Exceptions/Handler.php(629): Illuminate\Routing\ResponseFactory->view()
#18 /home/ashpxkrk/mebany.com/test/install/vendor/laravel/framework/src/Illuminate/Foundation/Exceptions/Handler.php(554): Illuminate\Foundation\Exceptions\Handler->renderHttpException()
#19 /home/ashpxkrk/mebany.com/test/install/vendor/laravel/framework/src/Illuminate/Foundation/Exceptions/Handler.php(460): Illuminate\Foundation\Exceptions\Handler->prepareResponse()
#20 /home/ashpxkrk/mebany.com/test/install/vendor/laravel/framework/src/Illuminate/Foundation/Exceptions/Handler.php(377): Illuminate\Foundation\Exceptions\Handler->renderExceptionResponse()
#21 /home/ashpxkrk/mebany.com/test/install/app/Exceptions/Handler.php(55): Illuminate\Foundation\Exceptions\Handler->render()
#22 /home/ashpxkrk/mebany.com/test/install/vendor/laravel/framework/src/Illuminate/Foundation/Bootstrap/HandleExceptions.php(233): App\Exceptions\Handler->render()
#23 /home/ashpxkrk/mebany.com/test/install/vendor/laravel/framework/src/Illuminate/Foundation/Bootstrap/HandleExceptions.php(210): Illuminate\Foundation\Bootstrap\HandleExceptions->renderHttpResponse()
#24 /home/ashpxkrk/mebany.com/test/install/vendor/laravel/framework/src/Illuminate/Foundation/Bootstrap/HandleExceptions.php(270): Illuminate\Foundation\Bootstrap\HandleExceptions->handleException()
#25 [internal function]: Illuminate\Foundation\Bootstrap\HandleExceptions->Illuminate\Foundation\Bootstrap\{closure}()
#26 {main}

Next Illuminate\View\ViewException: Route [home] not defined. (View: /home/ashpxkrk/mebany.com/test/install/resources/views/frontend/layouts/app.blade.php) (View: /home/ashpxkrk/mebany.com/test/install/resources/views/frontend/layouts/app.blade.php) in /home/ashpxkrk/mebany.com/test/install/vendor/laravel/framework/src/Illuminate/Routing/UrlGenerator.php:467
Stack trace:
#0 /home/ashpxkrk/mebany.com/test/install/vendor/laravel/framework/src/Illuminate/View/Engines/PhpEngine.php(60): Illuminate\View\Engines\CompilerEngine->handleViewException()
#1 /home/ashpxkrk/mebany.com/test/install/vendor/laravel/framework/src/Illuminate/View/Engines/CompilerEngine.php(70): Illuminate\View\Engines\PhpEngine->evaluatePath()
#2 /home/ashpxkrk/mebany.com/test/install/vendor/laravel/framework/src/Illuminate/View/View.php(195): Illuminate\View\Engines\CompilerEngine->get()
#3 /home/ashpxkrk/mebany.com/test/install/vendor/laravel/framework/src/Illuminate/View/View.php(178): Illuminate\View\View->getContents()
#4 /home/ashpxkrk/mebany.com/test/install/vendor/laravel/framework/src/Illuminate/View/View.php(147): Illuminate\View\View->renderContents()
#5 /home/ashpxkrk/mebany.com/test/install/vendor/laravel/framework/src/Illuminate/Http/Response.php(69): Illuminate\View\View->render()
#6 /home/ashpxkrk/mebany.com/test/install/vendor/laravel/framework/src/Illuminate/Http/Response.php(35): Illuminate\Http\Response->setContent()
#7 /home/ashpxkrk/mebany.com/test/install/vendor/laravel/framework/src/Illuminate/Routing/ResponseFactory.php(57): Illuminate\Http\Response->__construct()
#8 /home/ashpxkrk/mebany.com/test/install/vendor/laravel/framework/src/Illuminate/Routing/ResponseFactory.php(87): Illuminate\Routing\ResponseFactory->make()
#9 /home/ashpxkrk/mebany.com/test/install/vendor/laravel/framework/src/Illuminate/Foundation/Exceptions/Handler.php(629): Illuminate\Routing\ResponseFactory->view()
#10 /home/ashpxkrk/mebany.com/test/install/vendor/laravel/framework/src/Illuminate/Foundation/Exceptions/Handler.php(554): Illuminate\Foundation\Exceptions\Handler->renderHttpException()
#11 /home/ashpxkrk/mebany.com/test/install/vendor/laravel/framework/src/Illuminate/Foundation/Exceptions/Handler.php(460): Illuminate\Foundation\Exceptions\Handler->prepareResponse()
#12 /home/ashpxkrk/mebany.com/test/install/vendor/laravel/framework/src/Illuminate/Foundation/Exceptions/Handler.php(377): Illuminate\Foundation\Exceptions\Handler->renderExceptionResponse()
#13 /home/ashpxkrk/mebany.com/test/install/app/Exceptions/Handler.php(55): Illuminate\Foundation\Exceptions\Handler->render()
#14 /home/ashpxkrk/mebany.com/test/install/vendor/laravel/framework/src/Illuminate/Foundation/Bootstrap/HandleExceptions.php(233): App\Exceptions\Handler->render()
#15 /home/ashpxkrk/mebany.com/test/install/vendor/laravel/framework/src/Illuminate/Foundation/Bootstrap/HandleExceptions.php(210): Illuminate\Foundation\Bootstrap\HandleExceptions->renderHttpResponse()
#16 /home/ashpxkrk/mebany.com/test/install/vendor/laravel/framework/src/Illuminate/Foundation/Bootstrap/HandleExceptions.php(270): Illuminate\Foundation\Bootstrap\HandleExceptions->handleException()
#17 [internal function]: Illuminate\Foundation\Bootstrap\HandleExceptions->Illuminate\Foundation\Bootstrap\{closure}()
#18 {main}
  thrown in /home/ashpxkrk/mebany.com/test/install/vendor/laravel/framework/src/Illuminate/Routing/UrlGenerator.php on line 467
[08-Feb-2024 07:14:07 UTC] PHP Fatal error:  Uncaught Symfony\Component\Routing\Exception\RouteNotFoundException: Route [home] not defined. in /home/ashpxkrk/mebany.com/test/install/vendor/laravel/framework/src/Illuminate/Routing/UrlGenerator.php:467
Stack trace:
#0 /home/ashpxkrk/mebany.com/test/install/vendor/laravel/framework/src/Illuminate/Foundation/helpers.php(826): Illuminate\Routing\UrlGenerator->route()
#1 /home/ashpxkrk/mebany.com/test/install/storage/framework/views/05b888bb830e8bc02e5d0fc07848952ec48a669b.php(40): route()
#2 /home/ashpxkrk/mebany.com/test/install/vendor/laravel/framework/src/Illuminate/Filesystem/Filesystem.php(109): require('/home/ashpxkrk/...')
#3 /home/ashpxkrk/mebany.com/test/install/vendor/laravel/framework/src/Illuminate/Filesystem/Filesystem.php(110): Illuminate\Filesystem\Filesystem::Illuminate\Filesystem\{closure}()
#4 /home/ashpxkrk/mebany.com/test/install/vendor/laravel/framework/src/Illuminate/View/Engines/PhpEngine.php(58): Illuminate\Filesystem\Filesystem->getRequire()
#5 /home/ashpxkrk/mebany.com/test/install/vendor/laravel/framework/src/Illuminate/View/Engines/CompilerEngine.php(70): Illuminate\View\Engines\PhpEngine->evaluatePath()
#6 /home/ashpxkrk/mebany.com/test/install/vendor/laravel/framework/src/Illuminate/View/View.php(195): Illuminate\View\Engines\CompilerEngine->get()
#7 /home/ashpxkrk/mebany.com/test/install/vendor/laravel/framework/src/Illuminate/View/View.php(178): Illuminate\View\View->getContents()
#8 /home/ashpxkrk/mebany.com/test/install/vendor/laravel/framework/src/Illuminate/View/View.php(147): Illuminate\View\View->renderContents()
#9 /home/ashpxkrk/mebany.com/test/install/storage/framework/views/3d35e63935f6a2a6c74834a1c3b578505381650c.php(17): Illuminate\View\View->render()
#10 /home/ashpxkrk/mebany.com/test/install/vendor/laravel/framework/src/Illuminate/Filesystem/Filesystem.php(109): require('/home/ashpxkrk/...')
#11 /home/ashpxkrk/mebany.com/test/install/vendor/laravel/framework/src/Illuminate/Filesystem/Filesystem.php(110): Illuminate\Filesystem\Filesystem::Illuminate\Filesystem\{closure}()
#12 /home/ashpxkrk/mebany.com/test/install/vendor/laravel/framework/src/Illuminate/View/Engines/PhpEngine.php(58): Illuminate\Filesystem\Filesystem->getRequire()
#13 /home/ashpxkrk/mebany.com/test/install/vendor/laravel/framework/src/Illuminate/View/Engines/CompilerEngine.php(70): Illuminate\View\Engines\PhpEngine->evaluatePath()
#14 /home/ashpxkrk/mebany.com/test/install/vendor/laravel/framework/src/Illuminate/View/View.php(195): Illuminate\View\Engines\CompilerEngine->get()
#15 /home/ashpxkrk/mebany.com/test/install/vendor/laravel/framework/src/Illuminate/View/View.php(178): Illuminate\View\View->getContents()
#16 /home/ashpxkrk/mebany.com/test/install/vendor/laravel/framework/src/Illuminate/View/View.php(147): Illuminate\View\View->renderContents()
#17 /home/ashpxkrk/mebany.com/test/install/vendor/laravel/framework/src/Illuminate/Http/Response.php(69): Illuminate\View\View->render()
#18 /home/ashpxkrk/mebany.com/test/install/vendor/laravel/framework/src/Illuminate/Http/Response.php(35): Illuminate\Http\Response->setContent()
#19 /home/ashpxkrk/mebany.com/test/install/vendor/laravel/framework/src/Illuminate/Routing/ResponseFactory.php(57): Illuminate\Http\Response->__construct()
#20 /home/ashpxkrk/mebany.com/test/install/vendor/laravel/framework/src/Illuminate/Routing/ResponseFactory.php(87): Illuminate\Routing\ResponseFactory->make()
#21 /home/ashpxkrk/mebany.com/test/install/vendor/laravel/framework/src/Illuminate/Foundation/Exceptions/Handler.php(629): Illuminate\Routing\ResponseFactory->view()
#22 /home/ashpxkrk/mebany.com/test/install/vendor/laravel/framework/src/Illuminate/Foundation/Exceptions/Handler.php(554): Illuminate\Foundation\Exceptions\Handler->renderHttpException()
#23 /home/ashpxkrk/mebany.com/test/install/vendor/laravel/framework/src/Illuminate/Foundation/Exceptions/Handler.php(460): Illuminate\Foundation\Exceptions\Handler->prepareResponse()
#24 /home/ashpxkrk/mebany.com/test/install/vendor/laravel/framework/src/Illuminate/Foundation/Exceptions/Handler.php(377): Illuminate\Foundation\Exceptions\Handler->renderExceptionResponse()
#25 /home/ashpxkrk/mebany.com/test/install/app/Exceptions/Handler.php(55): Illuminate\Foundation\Exceptions\Handler->render()
#26 /home/ashpxkrk/mebany.com/test/install/vendor/laravel/framework/src/Illuminate/Foundation/Bootstrap/HandleExceptions.php(233): App\Exceptions\Handler->render()
#27 /home/ashpxkrk/mebany.com/test/install/vendor/laravel/framework/src/Illuminate/Foundation/Bootstrap/HandleExceptions.php(210): Illuminate\Foundation\Bootstrap\HandleExceptions->renderHttpResponse()
#28 /home/ashpxkrk/mebany.com/test/install/vendor/laravel/framework/src/Illuminate/Foundation/Bootstrap/HandleExceptions.php(270): Illuminate\Foundation\Bootstrap\HandleExceptions->handleException()
#29 [internal function]: Illuminate\Foundation\Bootstrap\HandleExceptions->Illuminate\Foundation\Bootstrap\{closure}()
#30 {main}

Next Illuminate\View\ViewException: Route [home] not defined. (View: /home/ashpxkrk/mebany.com/test/install/resources/views/frontend/layouts/app.blade.php) in /home/ashpxkrk/mebany.com/test/install/vendor/laravel/framework/src/Illuminate/Routing/UrlGenerator.php:467
Stack trace:
#0 /home/ashpxkrk/mebany.com/test/install/vendor/laravel/framework/src/Illuminate/View/Engines/PhpEngine.php(60): Illuminate\View\Engines\CompilerEngine->handleViewException()
#1 /home/ashpxkrk/mebany.com/test/install/vendor/laravel/framework/src/Illuminate/View/Engines/CompilerEngine.php(70): Illuminate\View\Engines\PhpEngine->evaluatePath()
#2 /home/ashpxkrk/mebany.com/test/install/vendor/laravel/framework/src/Illuminate/View/View.php(195): Illuminate\View\Engines\CompilerEngine->get()
#3 /home/ashpxkrk/mebany.com/test/install/vendor/laravel/framework/src/Illuminate/View/View.php(178): Illuminate\View\View->getContents()
#4 /home/ashpxkrk/mebany.com/test/install/vendor/laravel/framework/src/Illuminate/View/View.php(147): Illuminate\View\View->renderContents()
#5 /home/ashpxkrk/mebany.com/test/install/storage/framework/views/3d35e63935f6a2a6c74834a1c3b578505381650c.php(17): Illuminate\View\View->render()
#6 /home/ashpxkrk/mebany.com/test/install/vendor/laravel/framework/src/Illuminate/Filesystem/Filesystem.php(109): require('/home/ashpxkrk/...')
#7 /home/ashpxkrk/mebany.com/test/install/vendor/laravel/framework/src/Illuminate/Filesystem/Filesystem.php(110): Illuminate\Filesystem\Filesystem::Illuminate\Filesystem\{closure}()
#8 /home/ashpxkrk/mebany.com/test/install/vendor/laravel/framework/src/Illuminate/View/Engines/PhpEngine.php(58): Illuminate\Filesystem\Filesystem->getRequire()
#9 /home/ashpxkrk/mebany.com/test/install/vendor/laravel/framework/src/Illuminate/View/Engines/CompilerEngine.php(70): Illuminate\View\Engines\PhpEngine->evaluatePath()
#10 /home/ashpxkrk/mebany.com/test/install/vendor/laravel/framework/src/Illuminate/View/View.php(195): Illuminate\View\Engines\CompilerEngine->get()
#11 /home/ashpxkrk/mebany.com/test/install/vendor/laravel/framework/src/Illuminate/View/View.php(178): Illuminate\View\View->getContents()
#12 /home/ashpxkrk/mebany.com/test/install/vendor/laravel/framework/src/Illuminate/View/View.php(147): Illuminate\View\View->renderContents()
#13 /home/ashpxkrk/mebany.com/test/install/vendor/laravel/framework/src/Illuminate/Http/Response.php(69): Illuminate\View\View->render()
#14 /home/ashpxkrk/mebany.com/test/install/vendor/laravel/framework/src/Illuminate/Http/Response.php(35): Illuminate\Http\Response->setContent()
#15 /home/ashpxkrk/mebany.com/test/install/vendor/laravel/framework/src/Illuminate/Routing/ResponseFactory.php(57): Illuminate\Http\Response->__construct()
#16 /home/ashpxkrk/mebany.com/test/install/vendor/laravel/framework/src/Illuminate/Routing/ResponseFactory.php(87): Illuminate\Routing\ResponseFactory->make()
#17 /home/ashpxkrk/mebany.com/test/install/vendor/laravel/framework/src/Illuminate/Foundation/Exceptions/Handler.php(629): Illuminate\Routing\ResponseFactory->view()
#18 /home/ashpxkrk/mebany.com/test/install/vendor/laravel/framework/src/Illuminate/Foundation/Exceptions/Handler.php(554): Illuminate\Foundation\Exceptions\Handler->renderHttpException()
#19 /home/ashpxkrk/mebany.com/test/install/vendor/laravel/framework/src/Illuminate/Foundation/Exceptions/Handler.php(460): Illuminate\Foundation\Exceptions\Handler->prepareResponse()
#20 /home/ashpxkrk/mebany.com/test/install/vendor/laravel/framework/src/Illuminate/Foundation/Exceptions/Handler.php(377): Illuminate\Foundation\Exceptions\Handler->renderExceptionResponse()
#21 /home/ashpxkrk/mebany.com/test/install/app/Exceptions/Handler.php(55): Illuminate\Foundation\Exceptions\Handler->render()
#22 /home/ashpxkrk/mebany.com/test/install/vendor/laravel/framework/src/Illuminate/Foundation/Bootstrap/HandleExceptions.php(233): App\Exceptions\Handler->render()
#23 /home/ashpxkrk/mebany.com/test/install/vendor/laravel/framework/src/Illuminate/Foundation/Bootstrap/HandleExceptions.php(210): Illuminate\Foundation\Bootstrap\HandleExceptions->renderHttpResponse()
#24 /home/ashpxkrk/mebany.com/test/install/vendor/laravel/framework/src/Illuminate/Foundation/Bootstrap/HandleExceptions.php(270): Illuminate\Foundation\Bootstrap\HandleExceptions->handleException()
#25 [internal function]: Illuminate\Foundation\Bootstrap\HandleExceptions->Illuminate\Foundation\Bootstrap\{closure}()
#26 {main}

Next Illuminate\View\ViewException: Route [home] not defined. (View: /home/ashpxkrk/mebany.com/test/install/resources/views/frontend/layouts/app.blade.php) (View: /home/ashpxkrk/mebany.com/test/install/resources/views/frontend/layouts/app.blade.php) in /home/ashpxkrk/mebany.com/test/install/vendor/laravel/framework/src/Illuminate/Routing/UrlGenerator.php:467
Stack trace:
#0 /home/ashpxkrk/mebany.com/test/install/vendor/laravel/framework/src/Illuminate/View/Engines/PhpEngine.php(60): Illuminate\View\Engines\CompilerEngine->handleViewException()
#1 /home/ashpxkrk/mebany.com/test/install/vendor/laravel/framework/src/Illuminate/View/Engines/CompilerEngine.php(70): Illuminate\View\Engines\PhpEngine->evaluatePath()
#2 /home/ashpxkrk/mebany.com/test/install/vendor/laravel/framework/src/Illuminate/View/View.php(195): Illuminate\View\Engines\CompilerEngine->get()
#3 /home/ashpxkrk/mebany.com/test/install/vendor/laravel/framework/src/Illuminate/View/View.php(178): Illuminate\View\View->getContents()
#4 /home/ashpxkrk/mebany.com/test/install/vendor/laravel/framework/src/Illuminate/View/View.php(147): Illuminate\View\View->renderContents()
#5 /home/ashpxkrk/mebany.com/test/install/vendor/laravel/framework/src/Illuminate/Http/Response.php(69): Illuminate\View\View->render()
#6 /home/ashpxkrk/mebany.com/test/install/vendor/laravel/framework/src/Illuminate/Http/Response.php(35): Illuminate\Http\Response->setContent()
#7 /home/ashpxkrk/mebany.com/test/install/vendor/laravel/framework/src/Illuminate/Routing/ResponseFactory.php(57): Illuminate\Http\Response->__construct()
#8 /home/ashpxkrk/mebany.com/test/install/vendor/laravel/framework/src/Illuminate/Routing/ResponseFactory.php(87): Illuminate\Routing\ResponseFactory->make()
#9 /home/ashpxkrk/mebany.com/test/install/vendor/laravel/framework/src/Illuminate/Foundation/Exceptions/Handler.php(629): Illuminate\Routing\ResponseFactory->view()
#10 /home/ashpxkrk/mebany.com/test/install/vendor/laravel/framework/src/Illuminate/Foundation/Exceptions/Handler.php(554): Illuminate\Foundation\Exceptions\Handler->renderHttpException()
#11 /home/ashpxkrk/mebany.com/test/install/vendor/laravel/framework/src/Illuminate/Foundation/Exceptions/Handler.php(460): Illuminate\Foundation\Exceptions\Handler->prepareResponse()
#12 /home/ashpxkrk/mebany.com/test/install/vendor/laravel/framework/src/Illuminate/Foundation/Exceptions/Handler.php(377): Illuminate\Foundation\Exceptions\Handler->renderExceptionResponse()
#13 /home/ashpxkrk/mebany.com/test/install/app/Exceptions/Handler.php(55): Illuminate\Foundation\Exceptions\Handler->render()
#14 /home/ashpxkrk/mebany.com/test/install/vendor/laravel/framework/src/Illuminate/Foundation/Bootstrap/HandleExceptions.php(233): App\Exceptions\Handler->render()
#15 /home/ashpxkrk/mebany.com/test/install/vendor/laravel/framework/src/Illuminate/Foundation/Bootstrap/HandleExceptions.php(210): Illuminate\Foundation\Bootstrap\HandleExceptions->renderHttpResponse()
#16 /home/ashpxkrk/mebany.com/test/install/vendor/laravel/framework/src/Illuminate/Foundation/Bootstrap/HandleExceptions.php(270): Illuminate\Foundation\Bootstrap\HandleExceptions->handleException()
#17 [internal function]: Illuminate\Foundation\Bootstrap\HandleExceptions->Illuminate\Foundation\Bootstrap\{closure}()
#18 {main}
  thrown in /home/ashpxkrk/mebany.com/test/install/vendor/laravel/framework/src/Illuminate/Routing/UrlGenerator.php on line 467
[08-Feb-2024 07:14:10 UTC] PHP Fatal error:  Uncaught Symfony\Component\Routing\Exception\RouteNotFoundException: Route [home] not defined. in /home/ashpxkrk/mebany.com/test/install/vendor/laravel/framework/src/Illuminate/Routing/UrlGenerator.php:467
Stack trace:
#0 /home/ashpxkrk/mebany.com/test/install/vendor/laravel/framework/src/Illuminate/Foundation/helpers.php(826): Illuminate\Routing\UrlGenerator->route()
#1 /home/ashpxkrk/mebany.com/test/install/storage/framework/views/05b888bb830e8bc02e5d0fc07848952ec48a669b.php(40): route()
#2 /home/ashpxkrk/mebany.com/test/install/vendor/laravel/framework/src/Illuminate/Filesystem/Filesystem.php(109): require('/home/ashpxkrk/...')
#3 /home/ashpxkrk/mebany.com/test/install/vendor/laravel/framework/src/Illuminate/Filesystem/Filesystem.php(110): Illuminate\Filesystem\Filesystem::Illuminate\Filesystem\{closure}()
#4 /home/ashpxkrk/mebany.com/test/install/vendor/laravel/framework/src/Illuminate/View/Engines/PhpEngine.php(58): Illuminate\Filesystem\Filesystem->getRequire()
#5 /home/ashpxkrk/mebany.com/test/install/vendor/laravel/framework/src/Illuminate/View/Engines/CompilerEngine.php(70): Illuminate\View\Engines\PhpEngine->evaluatePath()
#6 /home/ashpxkrk/mebany.com/test/install/vendor/laravel/framework/src/Illuminate/View/View.php(195): Illuminate\View\Engines\CompilerEngine->get()
#7 /home/ashpxkrk/mebany.com/test/install/vendor/laravel/framework/src/Illuminate/View/View.php(178): Illuminate\View\View->getContents()
#8 /home/ashpxkrk/mebany.com/test/install/vendor/laravel/framework/src/Illuminate/View/View.php(147): Illuminate\View\View->renderContents()
#9 /home/ashpxkrk/mebany.com/test/install/storage/framework/views/3d35e63935f6a2a6c74834a1c3b578505381650c.php(17): Illuminate\View\View->render()
#10 /home/ashpxkrk/mebany.com/test/install/vendor/laravel/framework/src/Illuminate/Filesystem/Filesystem.php(109): require('/home/ashpxkrk/...')
#11 /home/ashpxkrk/mebany.com/test/install/vendor/laravel/framework/src/Illuminate/Filesystem/Filesystem.php(110): Illuminate\Filesystem\Filesystem::Illuminate\Filesystem\{closure}()
#12 /home/ashpxkrk/mebany.com/test/install/vendor/laravel/framework/src/Illuminate/View/Engines/PhpEngine.php(58): Illuminate\Filesystem\Filesystem->getRequire()
#13 /home/ashpxkrk/mebany.com/test/install/vendor/laravel/framework/src/Illuminate/View/Engines/CompilerEngine.php(70): Illuminate\View\Engines\PhpEngine->evaluatePath()
#14 /home/ashpxkrk/mebany.com/test/install/vendor/laravel/framework/src/Illuminate/View/View.php(195): Illuminate\View\Engines\CompilerEngine->get()
#15 /home/ashpxkrk/mebany.com/test/install/vendor/laravel/framework/src/Illuminate/View/View.php(178): Illuminate\View\View->getContents()
#16 /home/ashpxkrk/mebany.com/test/install/vendor/laravel/framework/src/Illuminate/View/View.php(147): Illuminate\View\View->renderContents()
#17 /home/ashpxkrk/mebany.com/test/install/vendor/laravel/framework/src/Illuminate/Http/Response.php(69): Illuminate\View\View->render()
#18 /home/ashpxkrk/mebany.com/test/install/vendor/laravel/framework/src/Illuminate/Http/Response.php(35): Illuminate\Http\Response->setContent()
#19 /home/ashpxkrk/mebany.com/test/install/vendor/laravel/framework/src/Illuminate/Routing/ResponseFactory.php(57): Illuminate\Http\Response->__construct()
#20 /home/ashpxkrk/mebany.com/test/install/vendor/laravel/framework/src/Illuminate/Routing/ResponseFactory.php(87): Illuminate\Routing\ResponseFactory->make()
#21 /home/ashpxkrk/mebany.com/test/install/vendor/laravel/framework/src/Illuminate/Foundation/Exceptions/Handler.php(629): Illuminate\Routing\ResponseFactory->view()
#22 /home/ashpxkrk/mebany.com/test/install/vendor/laravel/framework/src/Illuminate/Foundation/Exceptions/Handler.php(554): Illuminate\Foundation\Exceptions\Handler->renderHttpException()
#23 /home/ashpxkrk/mebany.com/test/install/vendor/laravel/framework/src/Illuminate/Foundation/Exceptions/Handler.php(460): Illuminate\Foundation\Exceptions\Handler->prepareResponse()
#24 /home/ashpxkrk/mebany.com/test/install/vendor/laravel/framework/src/Illuminate/Foundation/Exceptions/Handler.php(377): Illuminate\Foundation\Exceptions\Handler->renderExceptionResponse()
#25 /home/ashpxkrk/mebany.com/test/install/app/Exceptions/Handler.php(55): Illuminate\Foundation\Exceptions\Handler->render()
#26 /home/ashpxkrk/mebany.com/test/install/vendor/laravel/framework/src/Illuminate/Foundation/Bootstrap/HandleExceptions.php(233): App\Exceptions\Handler->render()
#27 /home/ashpxkrk/mebany.com/test/install/vendor/laravel/framework/src/Illuminate/Foundation/Bootstrap/HandleExceptions.php(210): Illuminate\Foundation\Bootstrap\HandleExceptions->renderHttpResponse()
#28 /home/ashpxkrk/mebany.com/test/install/vendor/laravel/framework/src/Illuminate/Foundation/Bootstrap/HandleExceptions.php(270): Illuminate\Foundation\Bootstrap\HandleExceptions->handleException()
#29 [internal function]: Illuminate\Foundation\Bootstrap\HandleExceptions->Illuminate\Foundation\Bootstrap\{closure}()
#30 {main}

Next Illuminate\View\ViewException: Route [home] not defined. (View: /home/ashpxkrk/mebany.com/test/install/resources/views/frontend/layouts/app.blade.php) in /home/ashpxkrk/mebany.com/test/install/vendor/laravel/framework/src/Illuminate/Routing/UrlGenerator.php:467
Stack trace:
#0 /home/ashpxkrk/mebany.com/test/install/vendor/laravel/framework/src/Illuminate/View/Engines/PhpEngine.php(60): Illuminate\View\Engines\CompilerEngine->handleViewException()
#1 /home/ashpxkrk/mebany.com/test/install/vendor/laravel/framework/src/Illuminate/View/Engines/CompilerEngine.php(70): Illuminate\View\Engines\PhpEngine->evaluatePath()
#2 /home/ashpxkrk/mebany.com/test/install/vendor/laravel/framework/src/Illuminate/View/View.php(195): Illuminate\View\Engines\CompilerEngine->get()
#3 /home/ashpxkrk/mebany.com/test/install/vendor/laravel/framework/src/Illuminate/View/View.php(178): Illuminate\View\View->getContents()
#4 /home/ashpxkrk/mebany.com/test/install/vendor/laravel/framework/src/Illuminate/View/View.php(147): Illuminate\View\View->renderContents()
#5 /home/ashpxkrk/mebany.com/test/install/storage/framework/views/3d35e63935f6a2a6c74834a1c3b578505381650c.php(17): Illuminate\View\View->render()
#6 /home/ashpxkrk/mebany.com/test/install/vendor/laravel/framework/src/Illuminate/Filesystem/Filesystem.php(109): require('/home/ashpxkrk/...')
#7 /home/ashpxkrk/mebany.com/test/install/vendor/laravel/framework/src/Illuminate/Filesystem/Filesystem.php(110): Illuminate\Filesystem\Filesystem::Illuminate\Filesystem\{closure}()
#8 /home/ashpxkrk/mebany.com/test/install/vendor/laravel/framework/src/Illuminate/View/Engines/PhpEngine.php(58): Illuminate\Filesystem\Filesystem->getRequire()
#9 /home/ashpxkrk/mebany.com/test/install/vendor/laravel/framework/src/Illuminate/View/Engines/CompilerEngine.php(70): Illuminate\View\Engines\PhpEngine->evaluatePath()
#10 /home/ashpxkrk/mebany.com/test/install/vendor/laravel/framework/src/Illuminate/View/View.php(195): Illuminate\View\Engines\CompilerEngine->get()
#11 /home/ashpxkrk/mebany.com/test/install/vendor/laravel/framework/src/Illuminate/View/View.php(178): Illuminate\View\View->getContents()
#12 /home/ashpxkrk/mebany.com/test/install/vendor/laravel/framework/src/Illuminate/View/View.php(147): Illuminate\View\View->renderContents()
#13 /home/ashpxkrk/mebany.com/test/install/vendor/laravel/framework/src/Illuminate/Http/Response.php(69): Illuminate\View\View->render()
#14 /home/ashpxkrk/mebany.com/test/install/vendor/laravel/framework/src/Illuminate/Http/Response.php(35): Illuminate\Http\Response->setContent()
#15 /home/ashpxkrk/mebany.com/test/install/vendor/laravel/framework/src/Illuminate/Routing/ResponseFactory.php(57): Illuminate\Http\Response->__construct()
#16 /home/ashpxkrk/mebany.com/test/install/vendor/laravel/framework/src/Illuminate/Routing/ResponseFactory.php(87): Illuminate\Routing\ResponseFactory->make()
#17 /home/ashpxkrk/mebany.com/test/install/vendor/laravel/framework/src/Illuminate/Foundation/Exceptions/Handler.php(629): Illuminate\Routing\ResponseFactory->view()
#18 /home/ashpxkrk/mebany.com/test/install/vendor/laravel/framework/src/Illuminate/Foundation/Exceptions/Handler.php(554): Illuminate\Foundation\Exceptions\Handler->renderHttpException()
#19 /home/ashpxkrk/mebany.com/test/install/vendor/laravel/framework/src/Illuminate/Foundation/Exceptions/Handler.php(460): Illuminate\Foundation\Exceptions\Handler->prepareResponse()
#20 /home/ashpxkrk/mebany.com/test/install/vendor/laravel/framework/src/Illuminate/Foundation/Exceptions/Handler.php(377): Illuminate\Foundation\Exceptions\Handler->renderExceptionResponse()
#21 /home/ashpxkrk/mebany.com/test/install/app/Exceptions/Handler.php(55): Illuminate\Foundation\Exceptions\Handler->render()
#22 /home/ashpxkrk/mebany.com/test/install/vendor/laravel/framework/src/Illuminate/Foundation/Bootstrap/HandleExceptions.php(233): App\Exceptions\Handler->render()
#23 /home/ashpxkrk/mebany.com/test/install/vendor/laravel/framework/src/Illuminate/Foundation/Bootstrap/HandleExceptions.php(210): Illuminate\Foundation\Bootstrap\HandleExceptions->renderHttpResponse()
#24 /home/ashpxkrk/mebany.com/test/install/vendor/laravel/framework/src/Illuminate/Foundation/Bootstrap/HandleExceptions.php(270): Illuminate\Foundation\Bootstrap\HandleExceptions->handleException()
#25 [internal function]: Illuminate\Foundation\Bootstrap\HandleExceptions->Illuminate\Foundation\Bootstrap\{closure}()
#26 {main}

Next Illuminate\View\ViewException: Route [home] not defined. (View: /home/ashpxkrk/mebany.com/test/install/resources/views/frontend/layouts/app.blade.php) (View: /home/ashpxkrk/mebany.com/test/install/resources/views/frontend/layouts/app.blade.php) in /home/ashpxkrk/mebany.com/test/install/vendor/laravel/framework/src/Illuminate/Routing/UrlGenerator.php:467
Stack trace:
#0 /home/ashpxkrk/mebany.com/test/install/vendor/laravel/framework/src/Illuminate/View/Engines/PhpEngine.php(60): Illuminate\View\Engines\CompilerEngine->handleViewException()
#1 /home/ashpxkrk/mebany.com/test/install/vendor/laravel/framework/src/Illuminate/View/Engines/CompilerEngine.php(70): Illuminate\View\Engines\PhpEngine->evaluatePath()
#2 /home/ashpxkrk/mebany.com/test/install/vendor/laravel/framework/src/Illuminate/View/View.php(195): Illuminate\View\Engines\CompilerEngine->get()
#3 /home/ashpxkrk/mebany.com/test/install/vendor/laravel/framework/src/Illuminate/View/View.php(178): Illuminate\View\View->getContents()
#4 /home/ashpxkrk/mebany.com/test/install/vendor/laravel/framework/src/Illuminate/View/View.php(147): Illuminate\View\View->renderContents()
#5 /home/ashpxkrk/mebany.com/test/install/vendor/laravel/framework/src/Illuminate/Http/Response.php(69): Illuminate\View\View->render()
#6 /home/ashpxkrk/mebany.com/test/install/vendor/laravel/framework/src/Illuminate/Http/Response.php(35): Illuminate\Http\Response->setContent()
#7 /home/ashpxkrk/mebany.com/test/install/vendor/laravel/framework/src/Illuminate/Routing/ResponseFactory.php(57): Illuminate\Http\Response->__construct()
#8 /home/ashpxkrk/mebany.com/test/install/vendor/laravel/framework/src/Illuminate/Routing/ResponseFactory.php(87): Illuminate\Routing\ResponseFactory->make()
#9 /home/ashpxkrk/mebany.com/test/install/vendor/laravel/framework/src/Illuminate/Foundation/Exceptions/Handler.php(629): Illuminate\Routing\ResponseFactory->view()
#10 /home/ashpxkrk/mebany.com/test/install/vendor/laravel/framework/src/Illuminate/Foundation/Exceptions/Handler.php(554): Illuminate\Foundation\Exceptions\Handler->renderHttpException()
#11 /home/ashpxkrk/mebany.com/test/install/vendor/laravel/framework/src/Illuminate/Foundation/Exceptions/Handler.php(460): Illuminate\Foundation\Exceptions\Handler->prepareResponse()
#12 /home/ashpxkrk/mebany.com/test/install/vendor/laravel/framework/src/Illuminate/Foundation/Exceptions/Handler.php(377): Illuminate\Foundation\Exceptions\Handler->renderExceptionResponse()
#13 /home/ashpxkrk/mebany.com/test/install/app/Exceptions/Handler.php(55): Illuminate\Foundation\Exceptions\Handler->render()
#14 /home/ashpxkrk/mebany.com/test/install/vendor/laravel/framework/src/Illuminate/Foundation/Bootstrap/HandleExceptions.php(233): App\Exceptions\Handler->render()
#15 /home/ashpxkrk/mebany.com/test/install/vendor/laravel/framework/src/Illuminate/Foundation/Bootstrap/HandleExceptions.php(210): Illuminate\Foundation\Bootstrap\HandleExceptions->renderHttpResponse()
#16 /home/ashpxkrk/mebany.com/test/install/vendor/laravel/framework/src/Illuminate/Foundation/Bootstrap/HandleExceptions.php(270): Illuminate\Foundation\Bootstrap\HandleExceptions->handleException()
#17 [internal function]: Illuminate\Foundation\Bootstrap\HandleExceptions->Illuminate\Foundation\Bootstrap\{closure}()
#18 {main}
  thrown in /home/ashpxkrk/mebany.com/test/install/vendor/laravel/framework/src/Illuminate/Routing/UrlGenerator.php on line 467
